# JRE version: Java(TM) SE Runtime Environment (8.0_231-b11) (build 1.8.0_231-b11)
# Java VM: Java HotSpot(TM) 64-Bit Server VM (25.231-b11 mixed mode windows-amd64 compressed oops)
Heap:
 PSYoungGen      total 116736K, used 5164K [0x00000000d5b80000, 0x00000000ded80000, 0x0000000100000000)
  eden space 108032K, 0% used [0x00000000d5b80000,0x00000000d5b80000,0x00000000dc500000)
  from space 8704K, 59% used [0x00000000ddc80000,0x00000000de18b310,0x00000000de500000)
  to   space 7680K, 0% used [0x00000000de600000,0x00000000de600000,0x00000000ded80000)
 ParOldGen       total 54272K, used 6345K [0x0000000081200000, 0x0000000084700000, 0x00000000d5b80000)
  object space 54272K, 11% used [0x0000000081200000,0x0000000081832598,0x0000000084700000)
 Metaspace       used 27447K, capacity 29074K, committed 29184K, reserved 1079296K
  class space    used 3676K, capacity 4029K, committed 4096K, reserved 1048576K
GC Heap History (10 events):
Event: 1.942 GC heap after
Heap after GC invocations=4 (full 0):
 PSYoungGen      total 71680K, used 5119K [0x00000000d5b80000, 0x00000000da680000, 0x0000000100000000)
  eden space 66560K, 0% used [0x00000000d5b80000,0x00000000d5b80000,0x00000000d9c80000)
  from space 5120K, 99% used [0x00000000da180000,0x00000000da67fe08,0x00000000da680000)
  to   space 5120K, 0% used [0x00000000d9c80000,0x00000000d9c80000,0x00000000da180000)
 ParOldGen       total 87552K, used 3550K [0x0000000081200000, 0x0000000086780000, 0x00000000d5b80000)
  object space 87552K, 4% used [0x0000000081200000,0x0000000081577868,0x0000000086780000)
 Metaspace       used 18348K, capacity 19578K, committed 19712K, reserved 1067008K
  class space    used 2491K, capacity 2741K, committed 2816K, reserved 1048576K
}
Event: 2.072 GC heap before
{Heap before GC invocations=5 (full 0):
 PSYoungGen      total 71680K, used 23206K [0x00000000d5b80000, 0x00000000da680000, 0x0000000100000000)
  eden space 66560K, 27% used [0x00000000d5b80000,0x00000000d6d29b30,0x00000000d9c80000)
  from space 5120K, 99% used [0x00000000da180000,0x00000000da67fe08,0x00000000da680000)
  to   space 5120K, 0% used [0x00000000d9c80000,0x00000000d9c80000,0x00000000da180000)
 ParOldGen       total 87552K, used 3550K [0x0000000081200000, 0x0000000086780000, 0x00000000d5b80000)
  object space 87552K, 4% used [0x0000000081200000,0x0000000081577868,0x0000000086780000)
 Metaspace       used 19793K, capacity 21096K, committed 21248K, reserved 1067008K
  class space    used 2689K, capacity 2962K, committed 3072K, reserved 1048576K
Event: 2.080 GC heap after
Heap after GC invocations=5 (full 0):
 PSYoungGen      total 71680K, used 5103K [0x00000000d5b80000, 0x00000000dee80000, 0x0000000100000000)
  eden space 66560K, 0% used [0x00000000d5b80000,0x00000000d5b80000,0x00000000d9c80000)
  from space 5120K, 99% used [0x00000000d9c80000,0x00000000da17bdf8,0x00000000da180000)
  to   space 8704K, 0% used [0x00000000de600000,0x00000000de600000,0x00000000dee80000)
 ParOldGen       total 87552K, used 4922K [0x0000000081200000, 0x0000000086780000, 0x00000000d5b80000)
  object space 87552K, 5% used [0x0000000081200000,0x00000000816ceae8,0x0000000086780000)
 Metaspace       used 19793K, capacity 21096K, committed 21248K, reserved 1067008K
  class space    used 2689K, capacity 2962K, committed 3072K, reserved 1048576K
}
Event: 2.080 GC heap before
{Heap before GC invocations=6 (full 1):
 PSYoungGen      total 71680K, used 5103K [0x00000000d5b80000, 0x00000000dee80000, 0x0000000100000000)
  eden space 66560K, 0% used [0x00000000d5b80000,0x00000000d5b80000,0x00000000d9c80000)
  from space 5120K, 99% used [0x00000000d9c80000,0x00000000da17bdf8,0x00000000da180000)
  to   space 8704K, 0% used [0x00000000de600000,0x00000000de600000,0x00000000dee80000)
 ParOldGen       total 87552K, used 4922K [0x0000000081200000, 0x0000000086780000, 0x00000000d5b80000)
  object space 87552K, 5% used [0x0000000081200000,0x00000000816ceae8,0x0000000086780000)
 Metaspace       used 19793K, capacity 21096K, committed 21248K, reserved 1067008K
  class space    used 2689K, capacity 2962K, committed 3072K, reserved 1048576K
Event: 2.111 GC heap after
Heap after GC invocations=6 (full 1):
 PSYoungGen      total 71680K, used 0K [0x00000000d5b80000, 0x00000000dee80000, 0x0000000100000000)
  eden space 66560K, 0% used [0x00000000d5b80000,0x00000000d5b80000,0x00000000d9c80000)
  from space 5120K, 0% used [0x00000000d9c80000,0x00000000d9c80000,0x00000000da180000)
  to   space 8704K, 0% used [0x00000000de600000,0x00000000de600000,0x00000000dee80000)
 ParOldGen       total 54272K, used 6329K [0x0000000081200000, 0x0000000084700000, 0x00000000d5b80000)
  object space 54272K, 11% used [0x0000000081200000,0x000000008182e598,0x0000000084700000)
 Metaspace       used 19793K, capacity 21096K, committed 21248K, reserved 1067008K
  class space    used 2689K, capacity 2962K, committed 3072K, reserved 1048576K
}
Event: 2.551 GC heap before
{Heap before GC invocations=7 (full 1):
 PSYoungGen      total 71680K, used 66560K [0x00000000d5b80000, 0x00000000dee80000, 0x0000000100000000)
  eden space 66560K, 100% used [0x00000000d5b80000,0x00000000d9c80000,0x00000000d9c80000)
  from space 5120K, 0% used [0x00000000d9c80000,0x00000000d9c80000,0x00000000da180000)
  to   space 8704K, 0% used [0x00000000de600000,0x00000000de600000,0x00000000dee80000)
 ParOldGen       total 54272K, used 6329K [0x0000000081200000, 0x0000000084700000, 0x00000000d5b80000)
  object space 54272K, 11% used [0x0000000081200000,0x000000008182e598,0x0000000084700000)
 Metaspace       used 24879K, capacity 26398K, committed 26752K, reserved 1073152K
  class space    used 3329K, capacity 3635K, committed 3712K, reserved 1048576K
Event: 2.557 GC heap after
Heap after GC invocations=7 (full 1):
 PSYoungGen      total 115712K, used 7310K [0x00000000d5b80000, 0x00000000ded80000, 0x0000000100000000)
  eden space 108032K, 0% used [0x00000000d5b80000,0x00000000d5b80000,0x00000000dc500000)
  from space 7680K, 95% used [0x00000000de600000,0x00000000ded23bd0,0x00000000ded80000)
  to   space 8704K, 0% used [0x00000000ddc80000,0x00000000ddc80000,0x00000000de500000)
 ParOldGen       total 54272K, used 6337K [0x0000000081200000, 0x0000000084700000, 0x00000000d5b80000)
  object space 54272K, 11% used [0x0000000081200000,0x0000000081830598,0x0000000084700000)
 Metaspace       used 24879K, capacity 26398K, committed 26752K, reserved 1073152K
  class space    used 3329K, capacity 3635K, committed 3712K, reserved 1048576K
}
Event: 2.995 GC heap before
{Heap before GC invocations=8 (full 1):
 PSYoungGen      total 115712K, used 44519K [0x00000000d5b80000, 0x00000000ded80000, 0x0000000100000000)
  eden space 108032K, 34% used [0x00000000d5b80000,0x00000000d7fd6390,0x00000000dc500000)
  from space 7680K, 95% used [0x00000000de600000,0x00000000ded23bd0,0x00000000ded80000)
  to   space 8704K, 0% used [0x00000000ddc80000,0x00000000ddc80000,0x00000000de500000)
 ParOldGen       total 54272K, used 6337K [0x0000000081200000, 0x0000000084700000, 0x00000000d5b80000)
  object space 54272K, 11% used [0x0000000081200000,0x0000000081830598,0x0000000084700000)
 Metaspace       used 27447K, capacity 29074K, committed 29184K, reserved 1079296K
  class space    used 3676K, capacity 4029K, committed 4096K, reserved 1048576K
Event: 3.005 GC heap after
Heap after GC invocations=8 (full 1):
 PSYoungGen      total 116736K, used 5164K [0x00000000d5b80000, 0x00000000ded80000, 0x0000000100000000)
  eden space 108032K, 0% used [0x00000000d5b80000,0x00000000d5b80000,0x00000000dc500000)
  from space 8704K, 59% used [0x00000000ddc80000,0x00000000de18b310,0x00000000de500000)
  to   space 7680K, 0% used [0x00000000de600000,0x00000000de600000,0x00000000ded80000)
 ParOldGen       total 54272K, used 6345K [0x0000000081200000, 0x0000000084700000, 0x00000000d5b80000)
  object space 54272K, 11% used [0x0000000081200000,0x0000000081832598,0x0000000084700000)
 Metaspace       used 27447K, capacity 29074K, committed 29184K, reserved 1079296K
  class space    used 3676K, capacity 4029K, committed 4096K, reserved 1048576K
}
Event: 3.005 GC heap before
{Heap before GC invocations=9 (full 2):
 PSYoungGen      total 116736K, used 5164K [0x00000000d5b80000, 0x00000000ded80000, 0x0000000100000000)
  eden space 108032K, 0% used [0x00000000d5b80000,0x00000000d5b80000,0x00000000dc500000)
  from space 8704K, 59% used [0x00000000ddc80000,0x00000000de18b310,0x00000000de500000)
  to   space 7680K, 0% used [0x00000000de600000,0x00000000de600000,0x00000000ded80000)
 ParOldGen       total 54272K, used 6345K [0x0000000081200000, 0x0000000084700000, 0x00000000d5b80000)
  object space 54272K, 11% used [0x0000000081200000,0x0000000081832598,0x0000000084700000)
 Metaspace       used 27447K, capacity 29074K, committed 29184K, reserved 1079296K
  class space    used 3676K, capacity 4029K, committed 4096K, reserved 1048576K

