# JRE version: Java(TM) SE Runtime Environment (8.0_231-b11) (build 1.8.0_231-b11)
# Java VM: Java HotSpot(TM) 64-Bit Server VM (25.231-b11 mixed mode windows-amd64 compressed oops)
Heap:
 PSYoungGen      total 115200K, used 17667K [0x00000000d5b80000, 0x00000000ded80000, 0x0000000100000000)
  eden space 107520K, 9% used [0x00000000d5b80000,0x00000000d65a5fc8,0x00000000dc480000)
  from space 7680K, 94% used [0x00000000de600000,0x00000000ded1aca0,0x00000000ded80000)
  to   space 8704K, 0% used [0x00000000ddc80000,0x00000000ddc80000,0x00000000de500000)
 ParOldGen       total 54784K, used 6394K [0x0000000081200000, 0x0000000084780000, 0x00000000d5b80000)
  object space 54784K, 11% used [0x0000000081200000,0x000000008183e9b0,0x0000000084780000)
 Metaspace       used 25604K, capacity 27208K, committed 27392K, reserved 1073152K
  class space    used 3419K, capacity 3746K, committed 3840K, reserved 1048576K
GC Heap History (10 events):
Event: 1.638 GC heap before
{Heap before GC invocations=3 (full 0):
 PSYoungGen      total 38400K, used 38389K [0x00000000d5b80000, 0x00000000d8600000, 0x0000000100000000)
  eden space 33280K, 100% used [0x00000000d5b80000,0x00000000d7c00000,0x00000000d7c00000)
  from space 5120K, 99% used [0x00000000d8100000,0x00000000d85fd688,0x00000000d8600000)
  to   space 5120K, 0% used [0x00000000d7c00000,0x00000000d7c00000,0x00000000d8100000)
 ParOldGen       total 87552K, used 373K [0x0000000081200000, 0x0000000086780000, 0x00000000d5b80000)
  object space 87552K, 0% used [0x0000000081200000,0x000000008125d650,0x0000000086780000)
 Metaspace       used 15693K, capacity 16856K, committed 17152K, reserved 1064960K
  class space    used 2023K, capacity 2262K, committed 2304K, reserved 1048576K
Event: 1.646 GC heap after
Heap after GC invocations=3 (full 0):
 PSYoungGen      total 38400K, used 5110K [0x00000000d5b80000, 0x00000000da680000, 0x0000000100000000)
  eden space 33280K, 0% used [0x00000000d5b80000,0x00000000d5b80000,0x00000000d7c00000)
  from space 5120K, 99% used [0x00000000d7c00000,0x00000000d80fdad8,0x00000000d8100000)
  to   space 5120K, 0% used [0x00000000da180000,0x00000000da180000,0x00000000da680000)
 ParOldGen       total 87552K, used 1634K [0x0000000081200000, 0x0000000086780000, 0x00000000d5b80000)
  object space 87552K, 1% used [0x0000000081200000,0x0000000081398940,0x0000000086780000)
 Metaspace       used 15693K, capacity 16856K, committed 17152K, reserved 1064960K
  class space    used 2023K, capacity 2262K, committed 2304K, reserved 1048576K
}
Event: 1.901 GC heap before
{Heap before GC invocations=4 (full 0):
 PSYoungGen      total 38400K, used 38390K [0x00000000d5b80000, 0x00000000da680000, 0x0000000100000000)
  eden space 33280K, 100% used [0x00000000d5b80000,0x00000000d7c00000,0x00000000d7c00000)
  from space 5120K, 99% used [0x00000000d7c00000,0x00000000d80fdad8,0x00000000d8100000)
  to   space 5120K, 0% used [0x00000000da180000,0x00000000da180000,0x00000000da680000)
 ParOldGen       total 87552K, used 1634K [0x0000000081200000, 0x0000000086780000, 0x00000000d5b80000)
  object space 87552K, 1% used [0x0000000081200000,0x0000000081398940,0x0000000086780000)
 Metaspace       used 18275K, capacity 19552K, committed 19712K, reserved 1067008K
  class space    used 2481K, capacity 2740K, committed 2816K, reserved 1048576K
Event: 1.908 GC heap after
Heap after GC invocations=4 (full 0):
 PSYoungGen      total 71680K, used 5119K [0x00000000d5b80000, 0x00000000da680000, 0x0000000100000000)
  eden space 66560K, 0% used [0x00000000d5b80000,0x00000000d5b80000,0x00000000d9c80000)
  from space 5120K, 99% used [0x00000000da180000,0x00000000da67fe08,0x00000000da680000)
  to   space 5120K, 0% used [0x00000000d9c80000,0x00000000d9c80000,0x00000000da180000)
 ParOldGen       total 87552K, used 3683K [0x0000000081200000, 0x0000000086780000, 0x00000000d5b80000)
  object space 87552K, 4% used [0x0000000081200000,0x0000000081598de8,0x0000000086780000)
 Metaspace       used 18275K, capacity 19552K, committed 19712K, reserved 1067008K
  class space    used 2481K, capacity 2740K, committed 2816K, reserved 1048576K
}
Event: 2.034 GC heap before
{Heap before GC invocations=5 (full 0):
 PSYoungGen      total 71680K, used 23468K [0x00000000d5b80000, 0x00000000da680000, 0x0000000100000000)
  eden space 66560K, 27% used [0x00000000d5b80000,0x00000000d6d6b430,0x00000000d9c80000)
  from space 5120K, 99% used [0x00000000da180000,0x00000000da67fe08,0x00000000da680000)
  to   space 5120K, 0% used [0x00000000d9c80000,0x00000000d9c80000,0x00000000da180000)
 ParOldGen       total 87552K, used 3683K [0x0000000081200000, 0x0000000086780000, 0x00000000d5b80000)
  object space 87552K, 4% used [0x0000000081200000,0x0000000081598de8,0x0000000086780000)
 Metaspace       used 19821K, capacity 21080K, committed 21248K, reserved 1067008K
  class space    used 2695K, capacity 2962K, committed 3072K, reserved 1048576K
Event: 2.043 GC heap after
Heap after GC invocations=5 (full 0):
 PSYoungGen      total 71680K, used 5114K [0x00000000d5b80000, 0x00000000dee80000, 0x0000000100000000)
  eden space 66560K, 0% used [0x00000000d5b80000,0x00000000d5b80000,0x00000000d9c80000)
  from space 5120K, 99% used [0x00000000d9c80000,0x00000000da17eaa8,0x00000000da180000)
  to   space 8704K, 0% used [0x00000000de600000,0x00000000de600000,0x00000000dee80000)
 ParOldGen       total 87552K, used 5071K [0x0000000081200000, 0x0000000086780000, 0x00000000d5b80000)
  object space 87552K, 5% used [0x0000000081200000,0x00000000816f3c20,0x0000000086780000)
 Metaspace       used 19821K, capacity 21080K, committed 21248K, reserved 1067008K
  class space    used 2695K, capacity 2962K, committed 3072K, reserved 1048576K
}
Event: 2.043 GC heap before
{Heap before GC invocations=6 (full 1):
 PSYoungGen      total 71680K, used 5114K [0x00000000d5b80000, 0x00000000dee80000, 0x0000000100000000)
  eden space 66560K, 0% used [0x00000000d5b80000,0x00000000d5b80000,0x00000000d9c80000)
  from space 5120K, 99% used [0x00000000d9c80000,0x00000000da17eaa8,0x00000000da180000)
  to   space 8704K, 0% used [0x00000000de600000,0x00000000de600000,0x00000000dee80000)
 ParOldGen       total 87552K, used 5071K [0x0000000081200000, 0x0000000086780000, 0x00000000d5b80000)
  object space 87552K, 5% used [0x0000000081200000,0x00000000816f3c20,0x0000000086780000)
 Metaspace       used 19821K, capacity 21080K, committed 21248K, reserved 1067008K
  class space    used 2695K, capacity 2962K, committed 3072K, reserved 1048576K
Event: 2.074 GC heap after
Heap after GC invocations=6 (full 1):
 PSYoungGen      total 71680K, used 0K [0x00000000d5b80000, 0x00000000dee80000, 0x0000000100000000)
  eden space 66560K, 0% used [0x00000000d5b80000,0x00000000d5b80000,0x00000000d9c80000)
  from space 5120K, 0% used [0x00000000d9c80000,0x00000000d9c80000,0x00000000da180000)
  to   space 8704K, 0% used [0x00000000de600000,0x00000000de600000,0x00000000dee80000)
 ParOldGen       total 54784K, used 6386K [0x0000000081200000, 0x0000000084780000, 0x00000000d5b80000)
  object space 54784K, 11% used [0x0000000081200000,0x000000008183c9b0,0x0000000084780000)
 Metaspace       used 19821K, capacity 21080K, committed 21248K, reserved 1067008K
  class space    used 2695K, capacity 2962K, committed 3072K, reserved 1048576K
}
Event: 2.580 GC heap before
{Heap before GC invocations=7 (full 1):
 PSYoungGen      total 71680K, used 66560K [0x00000000d5b80000, 0x00000000dee80000, 0x0000000100000000)
  eden space 66560K, 100% used [0x00000000d5b80000,0x00000000d9c80000,0x00000000d9c80000)
  from space 5120K, 0% used [0x00000000d9c80000,0x00000000d9c80000,0x00000000da180000)
  to   space 8704K, 0% used [0x00000000de600000,0x00000000de600000,0x00000000dee80000)
 ParOldGen       total 54784K, used 6386K [0x0000000081200000, 0x0000000084780000, 0x00000000d5b80000)
  object space 54784K, 11% used [0x0000000081200000,0x000000008183c9b0,0x0000000084780000)
 Metaspace       used 24850K, capacity 26386K, committed 26496K, reserved 1073152K
  class space    used 3323K, capacity 3635K, committed 3712K, reserved 1048576K
Event: 2.588 GC heap after
Heap after GC invocations=7 (full 1):
 PSYoungGen      total 115200K, used 7275K [0x00000000d5b80000, 0x00000000ded80000, 0x0000000100000000)
  eden space 107520K, 0% used [0x00000000d5b80000,0x00000000d5b80000,0x00000000dc480000)
  from space 7680K, 94% used [0x00000000de600000,0x00000000ded1aca0,0x00000000ded80000)
  to   space 8704K, 0% used [0x00000000ddc80000,0x00000000ddc80000,0x00000000de500000)
 ParOldGen       total 54784K, used 6394K [0x0000000081200000, 0x0000000084780000, 0x00000000d5b80000)
  object space 54784K, 11% used [0x0000000081200000,0x000000008183e9b0,0x0000000084780000)
 Metaspace       used 24850K, capacity 26386K, committed 26496K, reserved 1073152K
  class space    used 3323K, capacity 3635K, committed 3712K, reserved 1048576K
}

